@!@!@STARTMSG 2262:0 @!@!@
TLC2 Version 2.15 of Day Month 20?? (rev: eb3ff99)
@!@!@ENDMSG 2262 @!@!@
@!@!@STARTMSG 2187:0 @!@!@
Running breadth-first search Model-Checking with fp 15 and seed -4194995070019449983 with 2 workers on 4 cores with 2354MB heap and 5291MB offheap memory [pid: 4499] (Linux 5.5.10-arch1-1 amd64, AdoptOpenJDK 14.0.1 x86_64, OffHeapDiskFPSet, DiskStateQueue).
@!@!@ENDMSG 2187 @!@!@
@!@!@STARTMSG 2220:0 @!@!@
Starting SANY...
@!@!@ENDMSG 2220 @!@!@
Parsing file /home/tobal/usr/src/tobal/playground/languages/tla+/PaxosCommit.toolbox/PaxosCommitModel1/MC.tla
Parsing file /home/tobal/usr/src/tobal/playground/languages/tla+/PaxosCommit.toolbox/PaxosCommitModel1/PaxosCommit.tla
Parsing file /usr/share/java/tla-toolbox/plugins/org.lamport.tlatools_1.0.0.202004251858/tla2sany/StandardModules/TLC.tla
Parsing file /usr/share/java/tla-toolbox/plugins/org.lamport.tlatools_1.0.0.202004251858/tla2sany/StandardModules/Integers.tla
Parsing file /usr/share/java/tla-toolbox/plugins/org.lamport.tlatools_1.0.0.202004251858/tla2sany/StandardModules/Naturals.tla
Parsing file /home/tobal/usr/src/tobal/playground/languages/tla+/PaxosCommit.toolbox/PaxosCommitModel1/TCommit.tla
Parsing file /usr/share/java/tla-toolbox/plugins/org.lamport.tlatools_1.0.0.202004251858/tla2sany/StandardModules/Sequences.tla
Parsing file /usr/share/java/tla-toolbox/plugins/org.lamport.tlatools_1.0.0.202004251858/tla2sany/StandardModules/FiniteSets.tla
Semantic processing of module Naturals
Semantic processing of module Integers
Semantic processing of module TCommit
Semantic processing of module PaxosCommit
Semantic processing of module Sequences
Semantic processing of module FiniteSets
Semantic processing of module TLC
Semantic processing of module MC
@!@!@STARTMSG 2219:0 @!@!@
SANY finished.
@!@!@ENDMSG 2219 @!@!@
@!@!@STARTMSG 2185:0 @!@!@
Starting... (2020-09-29 10:00:16)
@!@!@ENDMSG 2185 @!@!@
@!@!@STARTMSG 2189:0 @!@!@
Computing initial states...
@!@!@ENDMSG 2189 @!@!@
@!@!@STARTMSG 2190:0 @!@!@
Finished computing initial states: 1 distinct state generated at 2020-09-29 10:00:17.
@!@!@ENDMSG 2190 @!@!@
@!@!@STARTMSG 2200:0 @!@!@
Progress(12) at 2020-09-29 10:00:20: 329,131 states generated (329,131 s/min), 54,089 distinct states found (54,089 ds/min), 26,704 states left on queue.
@!@!@ENDMSG 2200 @!@!@
@!@!@STARTMSG 2200:0 @!@!@
Progress(18) at 2020-09-29 10:01:20: 7,903,981 states generated (7,574,850 s/min), 759,054 distinct states found (704,965 ds/min), 173,401 states left on queue.
@!@!@ENDMSG 2200 @!@!@
